<?xml version="1.0" encoding="UTF-8"?>
<!-- Generated by org.testng.reporters.JUnitXMLReporter -->
<testsuite ignored="0" hostname="LAPTOP-CSN7IEOG" failures="1" tests="1" name="capturescreenshotTest" time="5.894" errors="0" timestamp="2022-11-15T19:55:25 IST">
  <testcase classname="Listeners.getweb" name="getwebsite" time="5.213">
    <failure type="java.lang.AssertionError" message="expected [true] but found [false]">
      <![CDATA[java.lang.AssertionError: expected [true] but found [false]
at Listeners.getweb.getwebsite(getweb.java:11)
at java.base/java.util.ArrayList.forEach(ArrayList.java:1511)
... Removed 31 stack frames]]>
    </failure>
  </testcase> <!-- getwebsite -->
</testsuite> <!-- capturescreenshotTest -->
