<?xml version="1.0" encoding="UTF-8"?>
<!-- Generated by org.testng.reporters.JUnitXMLReporter -->
<testsuite ignored="0" hostname="LAPTOP-CSN7IEOG" failures="0" tests="5" name="Test for practice" time="69.45" errors="0" timestamp="2022-11-14T12:40:14 IST">
  <testcase classname="basicsestng.Hardassertion" name="Assertion" time="69.247"/>
  <testcase classname="basicsestng.groups" name="method3" time="0.003"/>
  <testcase classname="basicsestng.groups" name="newmethod" time="0.004"/>
  <testcase classname="basicsestng.beforeafter" name="method3" time="0.002"/>
  <testcase classname="basicsestng.beforeafter" name="newmethod" time="0.003"/>
</testsuite> <!-- Test for practice -->
